________________________________________________________________________
aakgun
________________________________________________________________________
Testcases running from:
testcase.txt :
|------------|
testcase1.txt :
|------------|
________________________________________________________________________
adalla
________________________________________________________________________
Testcases running from:
testcase.txt :
|------------|
Enter radius of circle: Area of the circle:  153.93804002589985
testcase1.txt :
|------------|
Enter radius of circle: Area of the circle:  254.46900494077323
________________________________________________________________________
aehtesham
________________________________________________________________________
Testcases running from:
testcase.txt :
|------------|
Enter radius of circle:The area of the circle is 153.93804002589985
testcase1.txt :
|------------|
Enter radius of circle:The area of the circle is 254.46900494077323
________________________________________________________________________
ahosu
________________________________________________________________________
Testcases running from:
testcase.txt :
|------------|
Enter radius: Area is 153.93804002589985
testcase1.txt :
|------------|
Enter radius: Area is 254.46900494077323
________________________________________________________________________
aighiri
________________________________________________________________________
Testcases running from:
testcase.txt :
|------------|
Enter the radius The area of the circle is 153.93804002589985
testcase1.txt :
|------------|
Enter the radius The area of the circle is 254.46900494077323
________________________________________________________________________
akerpauska
________________________________________________________________________
Testcases running from:
testcase.txt :
|------------|
testcase1.txt :
|------------|
________________________________________________________________________
akyaw
________________________________________________________________________
Testcases running from:
testcase.txt :
|------------|
Enter RadiusThe area of the circle is  153.93791
testcase1.txt :
|------------|
Enter RadiusThe area of the circle is  254.46879
________________________________________________________________________
apinmorale
________________________________________________________________________
Testcases running from:
testcase.txt :
|------------|
enter radius The area of this circle is  153.93804002589985
testcase1.txt :
|------------|
enter radius The area of this circle is  254.46900494077323
________________________________________________________________________
arauniyar
________________________________________________________________________
Testcases running from:
testcase.txt :
|------------|
enter the radius the area of the circle is  153.93791
testcase1.txt :
|------------|
enter the radius the area of the circle is  254.46878999999998
________________________________________________________________________
asabri
________________________________________________________________________
Testcases running from:
testcase.txt :
|------------|
Enter the radius: The area of the circle is 153.93804002589985
testcase1.txt :
|------------|
Enter the radius: The area of the circle is 254.46900494077323
________________________________________________________________________
ckoopman
________________________________________________________________________
Testcases running from:
testcase.txt :
|------------|
radius =The area is 153.93791
testcase1.txt :
|------------|
radius =The area is 254.46879
________________________________________________________________________
dfredrick
________________________________________________________________________
Testcases running from:
testcase.txt :
|------------|
enter a radius43.96
testcase1.txt :
|------------|
enter a radius56.52
________________________________________________________________________
dhiremath
________________________________________________________________________
Testcases running from:
testcase.txt :
|------------|
Enter the radius of the circleThe area of the circle is  153.93804002589985
testcase1.txt :
|------------|
Enter the radius of the circleThe area of the circle is  254.46900494077323
________________________________________________________________________
dlainfiest
________________________________________________________________________
Testcases running from:
testcase.txt :
|------------|
What is the radius of your circle? The area of your circle equals  69.0872308076255 square units.
testcase1.txt :
|------------|
What is the radius of your circle? The area of your circle equals  88.82643960980423 square units.
________________________________________________________________________
esalihu
________________________________________________________________________
Testcases running from:
testcase.txt :
|------------|
The radius of the circle is: The area of the circle is:  153.93791
testcase1.txt :
|------------|
The radius of the circle is: The area of the circle is:  254.46878999999998
________________________________________________________________________
faabdulgha
________________________________________________________________________
Testcases running from:
testcase.txt :
|------------|
enter any radius here:The area of the circle is:  	 153.93791
testcase1.txt :
|------------|
enter any radius here:The area of the circle is:  	 254.46878999999998
________________________________________________________________________
fessing
________________________________________________________________________
Testcases running from:
testcase.txt :
|------------|
Enter the radius of a circle as a decimal:area of circle: 153.93791
The area of the circle equals 153.93791
testcase1.txt :
|------------|
Enter the radius of a circle as a decimal:area of circle: 254.46878999999998
The area of the circle equals 254.46878999999998
________________________________________________________________________
haldaoud
________________________________________________________________________
Testcases running from:
testcase.txt :
|------------|
Radius value of the circle:What is the area of the circle with the radius of 7 x π=3.14159? 153.93791
testcase1.txt :
|------------|
Radius value of the circle:What is the area of the circle with the radius of 9 x π=3.14159? 254.46878999999998
________________________________________________________________________
jandreevsk
________________________________________________________________________
Testcases running from:
testcase.txt :
|------------|
enter the radius: The area of the circle is:  21.99113
 testcase1.txt :
|------------|
enter the radius: The area of the circle is:  28.27431
 ________________________________________________________________________
kanum
________________________________________________________________________
Testcases running from:
testcase.txt :
|------------|
Enter radius: The area of the circle: 153.93804002589985
testcase1.txt :
|------------|
Enter radius: The area of the circle: 254.46900494077323
________________________________________________________________________
kbhattarai
________________________________________________________________________
Testcases running from:
testcase.txt :
|------------|
Enter the radius :The area of the circle is 153.93791
testcase1.txt :
|------------|
Enter the radius :The area of the circle is 254.46878999999998
________________________________________________________________________
kreiter
________________________________________________________________________
Testcases running from:
testcase.txt :
|------------|
Enter the radius: The area of the circle is 21.991148575128552
testcase1.txt :
|------------|
Enter the radius: The area of the circle is 28.274333882308138
________________________________________________________________________
lhaile
________________________________________________________________________
Testcases running from:
testcase.txt :
|------------|
Enter Radius of circle: The area of the circle is  153.93804002589985
testcase1.txt :
|------------|
Enter Radius of circle: The area of the circle is  254.46900494077323
________________________________________________________________________
lytodorova
________________________________________________________________________
Testcases running from:
testcase.txt :
|------------|
Enter the radius:The area of the circle is 153.93804002589985
testcase1.txt :
|------------|
Enter the radius:The area of the circle is 254.46900494077323
________________________________________________________________________
mamer
________________________________________________________________________
Testcases running from:
testcase.txt :
|------------|
Enter radius of circle: The Area of the circle will be:  153.93804002589985
testcase1.txt :
|------------|
Enter radius of circle: The Area of the circle will be:  254.46900494077323
________________________________________________________________________
mokon
________________________________________________________________________
Testcases running from:
testcase.txt :
|------------|
Enter the radius for which you wish to compute: The radius of the circle with radius 7 is 153.93804002589985
Thank you for using my program.
testcase1.txt :
|------------|
Enter the radius for which you wish to compute: The radius of the circle with radius 9 is 254.46900494077323
Thank you for using my program.
________________________________________________________________________
msenyonyi
________________________________________________________________________
Testcases running from:
testcase.txt :
|------------|
Enter the radius of the circle: The area of the circle is :  153.93804002589985
testcase1.txt :
|------------|
Enter the radius of the circle: The area of the circle is :  254.46900494077323
________________________________________________________________________
muhraza
________________________________________________________________________
Testcases running from:
testcase.txt :
|------------|
Area of circle is 9.424769999999999
testcase1.txt :
|------------|
Area of circle is 9.424769999999999
________________________________________________________________________
nkharaishv
________________________________________________________________________
Testcases running from:
testcase.txt :
|------------|
what is the radius?:area= 153.93804002589985
testcase1.txt :
|------------|
what is the radius?:area= 254.46900494077323
________________________________________________________________________
oniyomwung
________________________________________________________________________
Testcases running from:
testcase.txt :
|------------|
Please enter the Radius of the circle:
The area of the circle= 153.93804002589985
testcase1.txt :
|------------|
Please enter the Radius of the circle:
The area of the circle= 254.46900494077323
________________________________________________________________________
osbinwahee
________________________________________________________________________
Testcases running from:
testcase.txt :
|------------|
Enter Radius of circle :The Area of the Circle is 153.93791
testcase1.txt :
|------------|
Enter Radius of circle :The Area of the Circle is 254.46879
________________________________________________________________________
pcevallos
________________________________________________________________________
Testcases running from:
testcase.txt :
|------------|
enter radiusArea of the circle is equal to  153.93804002589985
testcase1.txt :
|------------|
enter radiusArea of the circle is equal to  254.46900494077323
________________________________________________________________________
pdevkota
________________________________________________________________________
Testcases running from:
testcase.txt :
|------------|
Radius of the circle: The area of the circle is: 153.93804002589985
Press enter to continuetestcase1.txt :
|------------|
Radius of the circle: The area of the circle is: 254.46900494077323
Press enter to continue________________________________________________________________________
rahmed
________________________________________________________________________
Testcases running from:
testcase.txt :
|------------|
Enter the radius of the circle:Therefore, the area of the circle is 153.93804002589985
testcase1.txt :
|------------|
Enter the radius of the circle:Therefore, the area of the circle is 254.46900494077323
________________________________________________________________________
sbien
________________________________________________________________________
Testcases running from:
testcase.txt :
|------------|
Radius of the circle?Area is 21.99cm^2.
testcase1.txt :
|------------|
Radius of the circle?Area is 28.27cm^2.
________________________________________________________________________
sgaykar
________________________________________________________________________
Testcases running from:
testcase.txt :
|------------|
Enter radius of the circle:Area of the circle is: 153.93804002589985
testcase1.txt :
|------------|
Enter radius of the circle:Area of the circle is: 254.46900494077323
________________________________________________________________________
sjafri
________________________________________________________________________
Testcases running from:
testcase.txt :
|------------|
Enter radius of circle:The area of the circle is 153.93804002589985
testcase1.txt :
|------------|
Enter radius of circle:The area of the circle is 254.46900494077323
________________________________________________________________________
starodekar
________________________________________________________________________
Testcases running from:
testcase.txt :
|------------|
Enter the radius of circle : Radius of the circle with radius 7.0 = 153.93804002589985
testcase1.txt :
|------------|
Enter the radius of circle : Radius of the circle with radius 9.0 = 254.46900494077323
________________________________________________________________________
syjafri
________________________________________________________________________
Testcases running from:
testcase.txt :
|------------|
Enter radius of circle:The area is 153.93804002589985
testcase1.txt :
|------------|
Enter radius of circle:The area is 254.46900494077323
________________________________________________________________________
umahamune
________________________________________________________________________
Testcases running from:
testcase.txt :
|------------|
What's the radius of your circle?
Area of your circle is 153.93804002589985 square unit
testcase1.txt :
|------------|
What's the radius of your circle?
Area of your circle is 254.46900494077323 square unit
________________________________________________________________________
xyan
________________________________________________________________________
Testcases running from:
testcase.txt :
|------------|
radius: The area of the circle is  153.93804002589985
testcase1.txt :
|------------|
radius: The area of the circle is  254.46900494077323
________________________________________________________________________
zdar
________________________________________________________________________
Testcases running from:
testcase.txt :
|------------|
What is the radius of the circle?
Area of the circle is: 153.93804002589985
testcase1.txt :
|------------|
What is the radius of the circle?
Area of the circle is: 254.46900494077323
________________________________________________________________________
zsaylor
________________________________________________________________________
Testcases running from:
testcase.txt :
|------------|
Please enter the radius of the circle:The area of the circle is 153.93804002589985
testcase1.txt :
|------------|
Please enter the radius of the circle:The area of the circle is 254.46900494077323
